# JRE version: OpenJDK Runtime Environment (8.0_181-b13) (build 1.8.0_181-8u181-b13-0ubuntu0.16.04.1-b13)
# Java VM: OpenJDK 64-Bit Server VM (25.181-b13 mixed mode linux-amd64 compressed oops)
Heap:
 def new generation   total 78720K, used 78142K [0x00000000c0000000, 0x00000000c5560000, 0x00000000d5550000)
  eden space 70016K, 100% used [0x00000000c0000000, 0x00000000c4460000, 0x00000000c4460000)
  from space 8704K,  93% used [0x00000000c4460000, 0x00000000c4c4fbd8, 0x00000000c4ce0000)
  to   space 8704K,  95% used [0x00000000c4ce0000, 0x00000000c54f4c68, 0x00000000c5560000)
 tenured generation   total 178392K, used 178391K [0x00000000d5550000, 0x00000000e0386000, 0x0000000100000000)
   the space 178392K,  99% used [0x00000000d5550000, 0x00000000e0385fe8, 0x00000000e0386000, 0x00000000e0386000)
 Metaspace       used 96032K, capacity 98567K, committed 98904K, reserved 1136640K
  class space    used 12227K, capacity 12576K, committed 12632K, reserved 1048576K
GC Heap History (10 events):
Event: 4077.415 GC heap after
Heap after GC invocations=4155 (full 16):
 def new generation   total 78720K, used 681K [0x00000000c0000000, 0x00000000c5560000, 0x00000000d5550000)
  eden space 70016K,   0% used [0x00000000c0000000, 0x00000000c0000000, 0x00000000c4460000)
  from space 8704K,   7% used [0x00000000c4460000, 0x00000000c450a6f0, 0x00000000c4ce0000)
  to   space 8704K,   0% used [0x00000000c4ce0000, 0x00000000c4ce0000, 0x00000000c5560000)
 tenured generation   total 174744K, used 164330K [0x00000000d5550000, 0x00000000dfff6000, 0x0000000100000000)
   the space 174744K,  94% used [0x00000000d5550000, 0x00000000df5ca818, 0x00000000df5caa00, 0x00000000dfff6000)
 Metaspace       used 96032K, capacity 98567K, committed 98904K, reserved 1136640K
  class space    used 12227K, capacity 12576K, committed 12632K, reserved 1048576K
}
Event: 4077.639 GC heap before
{Heap before GC invocations=4155 (full 16):
 def new generation   total 78720K, used 70697K [0x00000000c0000000, 0x00000000c5560000, 0x00000000d5550000)
  eden space 70016K, 100% used [0x00000000c0000000, 0x00000000c4460000, 0x00000000c4460000)
  from space 8704K,   7% used [0x00000000c4460000, 0x00000000c450a6f0, 0x00000000c4ce0000)
  to   space 8704K,   0% used [0x00000000c4ce0000, 0x00000000c4ce0000, 0x00000000c5560000)
 tenured generation   total 174744K, used 164330K [0x00000000d5550000, 0x00000000dfff6000, 0x0000000100000000)
   the space 174744K,  94% used [0x00000000d5550000, 0x00000000df5ca818, 0x00000000df5caa00, 0x00000000dfff6000)
 Metaspace       used 96032K, capacity 98567K, committed 98904K, reserved 1136640K
  class space    used 12227K, capacity 12576K, committed 12632K, reserved 1048576K
Event: 4077.822 GC heap after
Heap after GC invocations=4156 (full 16):
 def new generation   total 78720K, used 680K [0x00000000c0000000, 0x00000000c5560000, 0x00000000d5550000)
  eden space 70016K,   0% used [0x00000000c0000000, 0x00000000c0000000, 0x00000000c4460000)
  from space 8704K,   7% used [0x00000000c4ce0000, 0x00000000c4d8a218, 0x00000000c5560000)
  to   space 8704K,   0% used [0x00000000c4460000, 0x00000000c4460000, 0x00000000c4ce0000)
 tenured generation   total 174744K, used 164330K [0x00000000d5550000, 0x00000000dfff6000, 0x0000000100000000)
   the space 174744K,  94% used [0x00000000d5550000, 0x00000000df5ca818, 0x00000000df5caa00, 0x00000000dfff6000)
 Metaspace       used 96032K, capacity 98567K, committed 98904K, reserved 1136640K
  class space    used 12227K, capacity 12576K, committed 12632K, reserved 1048576K
}
Event: 4077.912 GC heap before
{Heap before GC invocations=4156 (full 16):
 def new generation   total 78720K, used 70696K [0x00000000c0000000, 0x00000000c5560000, 0x00000000d5550000)
  eden space 70016K, 100% used [0x00000000c0000000, 0x00000000c4460000, 0x00000000c4460000)
  from space 8704K,   7% used [0x00000000c4ce0000, 0x00000000c4d8a218, 0x00000000c5560000)
  to   space 8704K,   0% used [0x00000000c4460000, 0x00000000c4460000, 0x00000000c4ce0000)
 tenured generation   total 174744K, used 164330K [0x00000000d5550000, 0x00000000dfff6000, 0x0000000100000000)
   the space 174744K,  94% used [0x00000000d5550000, 0x00000000df5ca818, 0x00000000df5caa00, 0x00000000dfff6000)
 Metaspace       used 96032K, capacity 98567K, committed 98904K, reserved 1136640K
  class space    used 12227K, capacity 12576K, committed 12632K, reserved 1048576K
Event: 4077.924 GC heap after
Heap after GC invocations=4157 (full 16):
 def new generation   total 78720K, used 681K [0x00000000c0000000, 0x00000000c5560000, 0x00000000d5550000)
  eden space 70016K,   0% used [0x00000000c0000000, 0x00000000c0000000, 0x00000000c4460000)
  from space 8704K,   7% used [0x00000000c4460000, 0x00000000c450a520, 0x00000000c4ce0000)
  to   space 8704K,   0% used [0x00000000c4ce0000, 0x00000000c4ce0000, 0x00000000c5560000)
 tenured generation   total 174744K, used 164330K [0x00000000d5550000, 0x00000000dfff6000, 0x0000000100000000)
   the space 174744K,  94% used [0x00000000d5550000, 0x00000000df5ca818, 0x00000000df5caa00, 0x00000000dfff6000)
 Metaspace       used 96032K, capacity 98567K, committed 98904K, reserved 1136640K
  class space    used 12227K, capacity 12576K, committed 12632K, reserved 1048576K
}
Event: 4078.132 GC heap before
{Heap before GC invocations=4157 (full 16):
 def new generation   total 78720K, used 70697K [0x00000000c0000000, 0x00000000c5560000, 0x00000000d5550000)
  eden space 70016K, 100% used [0x00000000c0000000, 0x00000000c4460000, 0x00000000c4460000)
  from space 8704K,   7% used [0x00000000c4460000, 0x00000000c450a520, 0x00000000c4ce0000)
  to   space 8704K,   0% used [0x00000000c4ce0000, 0x00000000c4ce0000, 0x00000000c5560000)
 tenured generation   total 174744K, used 164330K [0x00000000d5550000, 0x00000000dfff6000, 0x0000000100000000)
   the space 174744K,  94% used [0x00000000d5550000, 0x00000000df5ca818, 0x00000000df5caa00, 0x00000000dfff6000)
 Metaspace       used 96032K, capacity 98567K, committed 98904K, reserved 1136640K
  class space    used 12227K, capacity 12576K, committed 12632K, reserved 1048576K
Event: 4078.150 GC heap after
Heap after GC invocations=4158 (full 16):
 def new generation   total 78720K, used 6834K [0x00000000c0000000, 0x00000000c5560000, 0x00000000d5550000)
  eden space 70016K,   0% used [0x00000000c0000000, 0x00000000c0000000, 0x00000000c4460000)
  from space 8704K,  78% used [0x00000000c4ce0000, 0x00000000c538cbb0, 0x00000000c5560000)
  to   space 8704K,   0% used [0x00000000c4460000, 0x00000000c4460000, 0x00000000c4ce0000)
 tenured generation   total 174744K, used 164330K [0x00000000d5550000, 0x00000000dfff6000, 0x0000000100000000)
   the space 174744K,  94% used [0x00000000d5550000, 0x00000000df5ca818, 0x00000000df5caa00, 0x00000000dfff6000)
 Metaspace       used 96032K, capacity 98567K, committed 98904K, reserved 1136640K
  class space    used 12227K, capacity 12576K, committed 12632K, reserved 1048576K
}
Event: 4078.287 GC heap before
{Heap before GC invocations=4158 (full 16):
 def new generation   total 78720K, used 76850K [0x00000000c0000000, 0x00000000c5560000, 0x00000000d5550000)
  eden space 70016K, 100% used [0x00000000c0000000, 0x00000000c4460000, 0x00000000c4460000)
  from space 8704K,  78% used [0x00000000c4ce0000, 0x00000000c538cbb0, 0x00000000c5560000)
  to   space 8704K,   0% used [0x00000000c4460000, 0x00000000c4460000, 0x00000000c4ce0000)
 tenured generation   total 174744K, used 164330K [0x00000000d5550000, 0x00000000dfff6000, 0x0000000100000000)
   the space 174744K,  94% used [0x00000000d5550000, 0x00000000df5ca818, 0x00000000df5caa00, 0x00000000dfff6000)
 Metaspace       used 96032K, capacity 98567K, committed 98904K, reserved 1136640K
  class space    used 12227K, capacity 12576K, committed 12632K, reserved 1048576K
Event: 4078.311 GC heap after
Heap after GC invocations=4159 (full 16):
 def new generation   total 78720K, used 8126K [0x00000000c0000000, 0x00000000c5560000, 0x00000000d5550000)
  eden space 70016K,   0% used [0x00000000c0000000, 0x00000000c0000000, 0x00000000c4460000)
  from space 8704K,  93% used [0x00000000c4460000, 0x00000000c4c4fbd8, 0x00000000c4ce0000)
  to   space 8704K,   0% used [0x00000000c4ce0000, 0x00000000c4ce0000, 0x00000000c5560000)
 tenured generation   total 174744K, used 171100K [0x00000000d5550000, 0x00000000dfff6000, 0x0000000100000000)
   the space 174744K,  97% used [0x00000000d5550000, 0x00000000dfc67218, 0x00000000dfc67400, 0x00000000dfff6000)
 Metaspace       used 96032K, capacity 98567K, committed 98904K, reserved 1136640K
  class space    used 12227K, capacity 12576K, committed 12632K, reserved 1048576K
}
Event: 4078.429 GC heap before
{Heap before GC invocations=4159 (full 16):
 def new generation   total 78720K, used 78142K [0x00000000c0000000, 0x00000000c5560000, 0x00000000d5550000)
  eden space 70016K, 100% used [0x00000000c0000000, 0x00000000c4460000, 0x00000000c4460000)
  from space 8704K,  93% used [0x00000000c4460000, 0x00000000c4c4fbd8, 0x00000000c4ce0000)
  to   space 8704K,   0% used [0x00000000c4ce0000, 0x00000000c4ce0000, 0x00000000c5560000)
 tenured generation   total 174744K, used 171100K [0x00000000d5550000, 0x00000000dfff6000, 0x0000000100000000)
   the space 174744K,  97% used [0x00000000d5550000, 0x00000000dfc67218, 0x00000000dfc67400, 0x00000000dfff6000)
 Metaspace       used 96032K, capacity 98567K, committed 98904K, reserved 1136640K
  class space    used 12227K, capacity 12576K, committed 12632K, reserved 1048576K

