# JRE version: OpenJDK Runtime Environment (8.0_181-b13) (build 1.8.0_181-8u181-b13-0ubuntu0.16.04.1-b13)
# Java VM: OpenJDK 64-Bit Server VM (25.181-b13 mixed mode linux-amd64 compressed oops)
Heap:
 def new generation   total 16768K, used 0K [0x00000000c0000000, 0x00000000c1230000, 0x00000000d5550000)
  eden space 14912K,   0% used [0x00000000c0000000, 0x00000000c0000000, 0x00000000c0e90000)
  from space 1856K,   0% used [0x00000000c0e90000, 0x00000000c0e90000, 0x00000000c1060000)
  to   space 1856K,   0% used [0x00000000c1060000, 0x00000000c1060000, 0x00000000c1230000)
 tenured generation   total 37108K, used 22264K [0x00000000d5550000, 0x00000000d798d000, 0x0000000100000000)
   the space 37108K,  59% used [0x00000000d5550000, 0x00000000d6b0e218, 0x00000000d6b0e400, 0x00000000d798d000)
 Metaspace       used 68323K, capacity 69160K, committed 69336K, reserved 1107968K
  class space    used 9978K, capacity 10155K, committed 10200K, reserved 1048576K
GC Heap History (10 events):
Event: 42.112 GC heap before
{Heap before GC invocations=223 (full 5):
 def new generation   total 15680K, used 14199K [0x00000000c0000000, 0x00000000c1100000, 0x00000000d5550000)
  eden space 13952K, 100% used [0x00000000c0000000, 0x00000000c0da0000, 0x00000000c0da0000)
  from space 1728K,  14% used [0x00000000c0f50000, 0x00000000c0f8ddd8, 0x00000000c1100000)
  to   space 1728K,   0% used [0x00000000c0da0000, 0x00000000c0da0000, 0x00000000c0f50000)
 tenured generation   total 34700K, used 20932K [0x00000000d5550000, 0x00000000d7733000, 0x0000000100000000)
   the space 34700K,  60% used [0x00000000d5550000, 0x00000000d69c1058, 0x00000000d69c1200, 0x00000000d7733000)
 Metaspace       used 67605K, capacity 68386K, committed 68440K, reserved 1107968K
  class space    used 9871K, capacity 10030K, committed 10072K, reserved 1048576K
Event: 42.115 GC heap after
Heap after GC invocations=224 (full 5):
 def new generation   total 15680K, used 339K [0x00000000c0000000, 0x00000000c1100000, 0x00000000d5550000)
  eden space 13952K,   0% used [0x00000000c0000000, 0x00000000c0000000, 0x00000000c0da0000)
  from space 1728K,  19% used [0x00000000c0da0000, 0x00000000c0df4e30, 0x00000000c0f50000)
  to   space 1728K,   0% used [0x00000000c0f50000, 0x00000000c0f50000, 0x00000000c1100000)
 tenured generation   total 34700K, used 21087K [0x00000000d5550000, 0x00000000d7733000, 0x0000000100000000)
   the space 34700K,  60% used [0x00000000d5550000, 0x00000000d69e7c58, 0x00000000d69e7e00, 0x00000000d7733000)
 Metaspace       used 67605K, capacity 68386K, committed 68440K, reserved 1107968K
  class space    used 9871K, capacity 10030K, committed 10072K, reserved 1048576K
}
Event: 44.462 GC heap before
{Heap before GC invocations=224 (full 5):
 def new generation   total 15680K, used 14291K [0x00000000c0000000, 0x00000000c1100000, 0x00000000d5550000)
  eden space 13952K, 100% used [0x00000000c0000000, 0x00000000c0da0000, 0x00000000c0da0000)
  from space 1728K,  19% used [0x00000000c0da0000, 0x00000000c0df4e30, 0x00000000c0f50000)
  to   space 1728K,   0% used [0x00000000c0f50000, 0x00000000c0f50000, 0x00000000c1100000)
 tenured generation   total 34700K, used 21087K [0x00000000d5550000, 0x00000000d7733000, 0x0000000100000000)
   the space 34700K,  60% used [0x00000000d5550000, 0x00000000d69e7c58, 0x00000000d69e7e00, 0x00000000d7733000)
 Metaspace       used 67771K, capacity 68530K, committed 68696K, reserved 1107968K
  class space    used 9891K, capacity 10032K, committed 10072K, reserved 1048576K
Event: 44.465 GC heap after
Heap after GC invocations=225 (full 5):
 def new generation   total 15680K, used 398K [0x00000000c0000000, 0x00000000c1100000, 0x00000000d5550000)
  eden space 13952K,   0% used [0x00000000c0000000, 0x00000000c0000000, 0x00000000c0da0000)
  from space 1728K,  23% used [0x00000000c0f50000, 0x00000000c0fb3890, 0x00000000c1100000)
  to   space 1728K,   0% used [0x00000000c0da0000, 0x00000000c0da0000, 0x00000000c0f50000)
 tenured generation   total 34700K, used 21089K [0x00000000d5550000, 0x00000000d7733000, 0x0000000100000000)
   the space 34700K,  60% used [0x00000000d5550000, 0x00000000d69e8780, 0x00000000d69e8800, 0x00000000d7733000)
 Metaspace       used 67771K, capacity 68530K, committed 68696K, reserved 1107968K
  class space    used 9891K, capacity 10032K, committed 10072K, reserved 1048576K
}
Event: 44.570 GC heap before
{Heap before GC invocations=225 (full 5):
 def new generation   total 15680K, used 14350K [0x00000000c0000000, 0x00000000c1100000, 0x00000000d5550000)
  eden space 13952K, 100% used [0x00000000c0000000, 0x00000000c0da0000, 0x00000000c0da0000)
  from space 1728K,  23% used [0x00000000c0f50000, 0x00000000c0fb3890, 0x00000000c1100000)
  to   space 1728K,   0% used [0x00000000c0da0000, 0x00000000c0da0000, 0x00000000c0f50000)
 tenured generation   total 34700K, used 21089K [0x00000000d5550000, 0x00000000d7733000, 0x0000000100000000)
   the space 34700K,  60% used [0x00000000d5550000, 0x00000000d69e8780, 0x00000000d69e8800, 0x00000000d7733000)
 Metaspace       used 67872K, capacity 68638K, committed 68696K, reserved 1107968K
  class space    used 9906K, capacity 10067K, committed 10072K, reserved 1048576K
Event: 44.573 GC heap after
Heap after GC invocations=226 (full 5):
 def new generation   total 15680K, used 566K [0x00000000c0000000, 0x00000000c1100000, 0x00000000d5550000)
  eden space 13952K,   0% used [0x00000000c0000000, 0x00000000c0000000, 0x00000000c0da0000)
  from space 1728K,  32% used [0x00000000c0da0000, 0x00000000c0e2da40, 0x00000000c0f50000)
  to   space 1728K,   0% used [0x00000000c0f50000, 0x00000000c0f50000, 0x00000000c1100000)
 tenured generation   total 34700K, used 21089K [0x00000000d5550000, 0x00000000d7733000, 0x0000000100000000)
   the space 34700K,  60% used [0x00000000d5550000, 0x00000000d69e8780, 0x00000000d69e8800, 0x00000000d7733000)
 Metaspace       used 67872K, capacity 68638K, committed 68696K, reserved 1107968K
  class space    used 9906K, capacity 10067K, committed 10072K, reserved 1048576K
}
Event: 44.689 GC heap before
{Heap before GC invocations=226 (full 5):
 def new generation   total 15680K, used 14518K [0x00000000c0000000, 0x00000000c1100000, 0x00000000d5550000)
  eden space 13952K, 100% used [0x00000000c0000000, 0x00000000c0da0000, 0x00000000c0da0000)
  from space 1728K,  32% used [0x00000000c0da0000, 0x00000000c0e2da40, 0x00000000c0f50000)
  to   space 1728K,   0% used [0x00000000c0f50000, 0x00000000c0f50000, 0x00000000c1100000)
 tenured generation   total 34700K, used 21089K [0x00000000d5550000, 0x00000000d7733000, 0x0000000100000000)
   the space 34700K,  60% used [0x00000000d5550000, 0x00000000d69e8780, 0x00000000d69e8800, 0x00000000d7733000)
 Metaspace       used 68104K, capacity 68900K, committed 69080K, reserved 1107968K
  class space    used 9937K, capacity 10116K, committed 10200K, reserved 1048576K
Event: 44.697 GC heap after
Heap after GC invocations=227 (full 5):
 def new generation   total 15680K, used 1170K [0x00000000c0000000, 0x00000000c1100000, 0x00000000d5550000)
  eden space 13952K,   0% used [0x00000000c0000000, 0x00000000c0000000, 0x00000000c0da0000)
  from space 1728K,  67% used [0x00000000c0f50000, 0x00000000c1074888, 0x00000000c1100000)
  to   space 1728K,   0% used [0x00000000c0da0000, 0x00000000c0da0000, 0x00000000c0f50000)
 tenured generation   total 34700K, used 21089K [0x00000000d5550000, 0x00000000d7733000, 0x0000000100000000)
   the space 34700K,  60% used [0x00000000d5550000, 0x00000000d69e8780, 0x00000000d69e8800, 0x00000000d7733000)
 Metaspace       used 68104K, capacity 68900K, committed 69080K, reserved 1107968K
  class space    used 9937K, capacity 10116K, committed 10200K, reserved 1048576K
}
Event: 45.678 GC heap before
{Heap before GC invocations=227 (full 5):
 def new generation   total 15680K, used 6112K [0x00000000c0000000, 0x00000000c1100000, 0x00000000d5550000)
  eden space 13952K,  35% used [0x00000000c0000000, 0x00000000c04d3798, 0x00000000c0da0000)
  from space 1728K,  67% used [0x00000000c0f50000, 0x00000000c1074888, 0x00000000c1100000)
  to   space 1728K,   0% used [0x00000000c0da0000, 0x00000000c0da0000, 0x00000000c0f50000)
 tenured generation   total 34700K, used 21089K [0x00000000d5550000, 0x00000000d7733000, 0x0000000100000000)
   the space 34700K,  60% used [0x00000000d5550000, 0x00000000d69e8780, 0x00000000d69e8800, 0x00000000d7733000)
 Metaspace       used 68327K, capacity 69166K, committed 69336K, reserved 1107968K
  class space    used 9979K, capacity 10156K, committed 10200K, reserved 1048576K
Event: 45.786 GC heap after
Heap after GC invocations=228 (full 6):
 def new generation   total 16768K, used 0K [0x00000000c0000000, 0x00000000c1230000, 0x00000000d5550000)
  eden space 14912K,   0% used [0x00000000c0000000, 0x00000000c0000000, 0x00000000c0e90000)
  from space 1856K,   0% used [0x00000000c0e90000, 0x00000000c0e90000, 0x00000000c1060000)
  to   space 1856K,   0% used [0x00000000c1060000, 0x00000000c1060000, 0x00000000c1230000)
 tenured generation   total 37108K, used 22264K [0x00000000d5550000, 0x00000000d798d000, 0x0000000100000000)
   the space 37108K,  59% used [0x00000000d5550000, 0x00000000d6b0e218, 0x00000000d6b0e400, 0x00000000d798d000)
 Metaspace       used 68323K, capacity 69160K, committed 69336K, reserved 1107968K
  class space    used 9978K, capacity 10155K, committed 10200K, reserved 1048576K
}

