# JRE version: OpenJDK Runtime Environment (8.0_181-b13) (build 1.8.0_181-8u181-b13-0ubuntu0.16.04.1-b13)
# Java VM: OpenJDK 64-Bit Server VM (25.181-b13 mixed mode linux-amd64 compressed oops)
Heap:
 def new generation   total 68288K, used 9742K [0x00000000c0000000, 0x00000000c4a10000, 0x00000000d5550000)
  eden space 60736K,  13% used [0x00000000c0000000, 0x00000000c0832ee0, 0x00000000c3b50000)
  from space 7552K,  17% used [0x00000000c3b50000, 0x00000000c3ca0b30, 0x00000000c42b0000)
  to   space 7552K,   0% used [0x00000000c42b0000, 0x00000000c42b0000, 0x00000000c4a10000)
 tenured generation   total 151560K, used 46859K [0x00000000d5550000, 0x00000000de952000, 0x0000000100000000)
   the space 151560K,  30% used [0x00000000d5550000, 0x00000000d8312f50, 0x00000000d8313000, 0x00000000de952000)
 Metaspace       used 101691K, capacity 103733K, committed 104792K, reserved 1140736K
  class space    used 12931K, capacity 13198K, committed 13400K, reserved 1048576K
GC Heap History (10 events):
Event: 19981.666 GC heap before
{Heap before GC invocations=3954 (full 24):
 def new generation   total 68288K, used 61941K [0x00000000c0000000, 0x00000000c4a10000, 0x00000000d5550000)
  eden space 60736K, 100% used [0x00000000c0000000, 0x00000000c3b50000, 0x00000000c3b50000)
  from space 7552K,  15% used [0x00000000c42b0000, 0x00000000c43dd4e0, 0x00000000c4a10000)
  to   space 7552K,   0% used [0x00000000c3b50000, 0x00000000c3b50000, 0x00000000c42b0000)
 tenured generation   total 151560K, used 46859K [0x00000000d5550000, 0x00000000de952000, 0x0000000100000000)
   the space 151560K,  30% used [0x00000000d5550000, 0x00000000d8312f50, 0x00000000d8313000, 0x00000000de952000)
 Metaspace       used 101665K, capacity 103727K, committed 104792K, reserved 1140736K
  class space    used 12928K, capacity 13197K, committed 13400K, reserved 1048576K
Event: 19981.670 GC heap after
Heap after GC invocations=3955 (full 24):
 def new generation   total 68288K, used 855K [0x00000000c0000000, 0x00000000c4a10000, 0x00000000d5550000)
  eden space 60736K,   0% used [0x00000000c0000000, 0x00000000c0000000, 0x00000000c3b50000)
  from space 7552K,  11% used [0x00000000c3b50000, 0x00000000c3c25f68, 0x00000000c42b0000)
  to   space 7552K,   0% used [0x00000000c42b0000, 0x00000000c42b0000, 0x00000000c4a10000)
 tenured generation   total 151560K, used 46859K [0x00000000d5550000, 0x00000000de952000, 0x0000000100000000)
   the space 151560K,  30% used [0x00000000d5550000, 0x00000000d8312f50, 0x00000000d8313000, 0x00000000de952000)
 Metaspace       used 101665K, capacity 103727K, committed 104792K, reserved 1140736K
  class space    used 12928K, capacity 13197K, committed 13400K, reserved 1048576K
}
Event: 19981.815 GC heap before
{Heap before GC invocations=3955 (full 24):
 def new generation   total 68288K, used 57760K [0x00000000c0000000, 0x00000000c4a10000, 0x00000000d5550000)
  eden space 60736K,  93% used [0x00000000c0000000, 0x00000000c37923f0, 0x00000000c3b50000)
  from space 7552K,  11% used [0x00000000c3b50000, 0x00000000c3c25f68, 0x00000000c42b0000)
  to   space 7552K,   0% used [0x00000000c42b0000, 0x00000000c42b0000, 0x00000000c4a10000)
 tenured generation   total 151560K, used 46859K [0x00000000d5550000, 0x00000000de952000, 0x0000000100000000)
   the space 151560K,  30% used [0x00000000d5550000, 0x00000000d8312f50, 0x00000000d8313000, 0x00000000de952000)
 Metaspace       used 101665K, capacity 103727K, committed 104792K, reserved 1140736K
  class space    used 12928K, capacity 13197K, committed 13400K, reserved 1048576K
Event: 19981.819 GC heap after
Heap after GC invocations=3956 (full 24):
 def new generation   total 68288K, used 646K [0x00000000c0000000, 0x00000000c4a10000, 0x00000000d5550000)
  eden space 60736K,   0% used [0x00000000c0000000, 0x00000000c0000000, 0x00000000c3b50000)
  from space 7552K,   8% used [0x00000000c42b0000, 0x00000000c43519c0, 0x00000000c4a10000)
  to   space 7552K,   0% used [0x00000000c3b50000, 0x00000000c3b50000, 0x00000000c42b0000)
 tenured generation   total 151560K, used 46859K [0x00000000d5550000, 0x00000000de952000, 0x0000000100000000)
   the space 151560K,  30% used [0x00000000d5550000, 0x00000000d8312f50, 0x00000000d8313000, 0x00000000de952000)
 Metaspace       used 101665K, capacity 103727K, committed 104792K, reserved 1140736K
  class space    used 12928K, capacity 13197K, committed 13400K, reserved 1048576K
}
Event: 19981.947 GC heap before
{Heap before GC invocations=3956 (full 24):
 def new generation   total 68288K, used 61382K [0x00000000c0000000, 0x00000000c4a10000, 0x00000000d5550000)
  eden space 60736K, 100% used [0x00000000c0000000, 0x00000000c3b50000, 0x00000000c3b50000)
  from space 7552K,   8% used [0x00000000c42b0000, 0x00000000c43519c0, 0x00000000c4a10000)
  to   space 7552K,   0% used [0x00000000c3b50000, 0x00000000c3b50000, 0x00000000c42b0000)
 tenured generation   total 151560K, used 46859K [0x00000000d5550000, 0x00000000de952000, 0x0000000100000000)
   the space 151560K,  30% used [0x00000000d5550000, 0x00000000d8312f50, 0x00000000d8313000, 0x00000000de952000)
 Metaspace       used 101669K, capacity 103733K, committed 104792K, reserved 1140736K
  class space    used 12929K, capacity 13198K, committed 13400K, reserved 1048576K
Event: 19981.965 GC heap after
Heap after GC invocations=3957 (full 24):
 def new generation   total 68288K, used 1101K [0x00000000c0000000, 0x00000000c4a10000, 0x00000000d5550000)
  eden space 60736K,   0% used [0x00000000c0000000, 0x00000000c0000000, 0x00000000c3b50000)
  from space 7552K,  14% used [0x00000000c3b50000, 0x00000000c3c635e0, 0x00000000c42b0000)
  to   space 7552K,   0% used [0x00000000c42b0000, 0x00000000c42b0000, 0x00000000c4a10000)
 tenured generation   total 151560K, used 46859K [0x00000000d5550000, 0x00000000de952000, 0x0000000100000000)
   the space 151560K,  30% used [0x00000000d5550000, 0x00000000d8312f50, 0x00000000d8313000, 0x00000000de952000)
 Metaspace       used 101669K, capacity 103733K, committed 104792K, reserved 1140736K
  class space    used 12929K, capacity 13198K, committed 13400K, reserved 1048576K
}
Event: 19982.061 GC heap before
{Heap before GC invocations=3957 (full 24):
 def new generation   total 68288K, used 61837K [0x00000000c0000000, 0x00000000c4a10000, 0x00000000d5550000)
  eden space 60736K, 100% used [0x00000000c0000000, 0x00000000c3b50000, 0x00000000c3b50000)
  from space 7552K,  14% used [0x00000000c3b50000, 0x00000000c3c635e0, 0x00000000c42b0000)
  to   space 7552K,   0% used [0x00000000c42b0000, 0x00000000c42b0000, 0x00000000c4a10000)
 tenured generation   total 151560K, used 46859K [0x00000000d5550000, 0x00000000de952000, 0x0000000100000000)
   the space 151560K,  30% used [0x00000000d5550000, 0x00000000d8312f50, 0x00000000d8313000, 0x00000000de952000)
 Metaspace       used 101669K, capacity 103733K, committed 104792K, reserved 1140736K
  class space    used 12929K, capacity 13198K, committed 13400K, reserved 1048576K
Event: 19982.064 GC heap after
Heap after GC invocations=3958 (full 24):
 def new generation   total 68288K, used 918K [0x00000000c0000000, 0x00000000c4a10000, 0x00000000d5550000)
  eden space 60736K,   0% used [0x00000000c0000000, 0x00000000c0000000, 0x00000000c3b50000)
  from space 7552K,  12% used [0x00000000c42b0000, 0x00000000c4395b98, 0x00000000c4a10000)
  to   space 7552K,   0% used [0x00000000c3b50000, 0x00000000c3b50000, 0x00000000c42b0000)
 tenured generation   total 151560K, used 46859K [0x00000000d5550000, 0x00000000de952000, 0x0000000100000000)
   the space 151560K,  30% used [0x00000000d5550000, 0x00000000d8312f50, 0x00000000d8313000, 0x00000000de952000)
 Metaspace       used 101669K, capacity 103733K, committed 104792K, reserved 1140736K
  class space    used 12929K, capacity 13198K, committed 13400K, reserved 1048576K
}
Event: 19982.371 GC heap before
{Heap before GC invocations=3958 (full 24):
 def new generation   total 68288K, used 61654K [0x00000000c0000000, 0x00000000c4a10000, 0x00000000d5550000)
  eden space 60736K, 100% used [0x00000000c0000000, 0x00000000c3b50000, 0x00000000c3b50000)
  from space 7552K,  12% used [0x00000000c42b0000, 0x00000000c4395b98, 0x00000000c4a10000)
  to   space 7552K,   0% used [0x00000000c3b50000, 0x00000000c3b50000, 0x00000000c42b0000)
 tenured generation   total 151560K, used 46859K [0x00000000d5550000, 0x00000000de952000, 0x0000000100000000)
   the space 151560K,  30% used [0x00000000d5550000, 0x00000000d8312f50, 0x00000000d8313000, 0x00000000de952000)
 Metaspace       used 101674K, capacity 103733K, committed 104792K, reserved 1140736K
  class space    used 12929K, capacity 13198K, committed 13400K, reserved 1048576K
Event: 19982.385 GC heap after
Heap after GC invocations=3959 (full 24):
 def new generation   total 68288K, used 1346K [0x00000000c0000000, 0x00000000c4a10000, 0x00000000d5550000)
  eden space 60736K,   0% used [0x00000000c0000000, 0x00000000c0000000, 0x00000000c3b50000)
  from space 7552K,  17% used [0x00000000c3b50000, 0x00000000c3ca0b30, 0x00000000c42b0000)
  to   space 7552K,   0% used [0x00000000c42b0000, 0x00000000c42b0000, 0x00000000c4a10000)
 tenured generation   total 151560K, used 46859K [0x00000000d5550000, 0x00000000de952000, 0x0000000100000000)
   the space 151560K,  30% used [0x00000000d5550000, 0x00000000d8312f50, 0x00000000d8313000, 0x00000000de952000)
 Metaspace       used 101674K, capacity 103733K, committed 104792K, reserved 1140736K
  class space    used 12929K, capacity 13198K, committed 13400K, reserved 1048576K
}

