# JRE version: OpenJDK Runtime Environment (8.0_181-b13) (build 1.8.0_181-8u181-b13-0ubuntu0.16.04.1-b13)
# Java VM: OpenJDK 64-Bit Server VM (25.181-b13 mixed mode linux-amd64 compressed oops)
Heap:
 def new generation   total 62336K, used 0K [0x00000000c0000000, 0x00000000c43a0000, 0x00000000d5550000)
  eden space 55424K,   0% used [0x00000000c0000000, 0x00000000c0000000, 0x00000000c3620000)
  from space 6912K,   0% used [0x00000000c3620000, 0x00000000c3620000, 0x00000000c3ce0000)
  to   space 6912K,   0% used [0x00000000c3ce0000, 0x00000000c3ce0000, 0x00000000c43a0000)
 tenured generation   total 150216K, used 90129K [0x00000000d5550000, 0x00000000de802000, 0x0000000100000000)
   the space 150216K,  59% used [0x00000000d5550000, 0x00000000dad54588, 0x00000000dad54600, 0x00000000de802000)
 Metaspace       used 96034K, capacity 98641K, committed 98904K, reserved 1136640K
  class space    used 12274K, capacity 12619K, committed 12632K, reserved 1048576K
GC Heap History (10 events):
Event: 9278.354 GC heap after
Heap after GC invocations=2613 (full 17):
 def new generation   total 62336K, used 2349K [0x00000000c0000000, 0x00000000c43a0000, 0x00000000d5550000)
  eden space 55424K,   0% used [0x00000000c0000000, 0x00000000c0000000, 0x00000000c3620000)
  from space 6912K,  33% used [0x00000000c3ce0000, 0x00000000c3f2b400, 0x00000000c43a0000)
  to   space 6912K,   0% used [0x00000000c3620000, 0x00000000c3620000, 0x00000000c3ce0000)
 tenured generation   total 138344K, used 137150K [0x00000000d5550000, 0x00000000ddc6a000, 0x0000000100000000)
   the space 138344K,  99% used [0x00000000d5550000, 0x00000000ddb3f9b0, 0x00000000ddb3fa00, 0x00000000ddc6a000)
 Metaspace       used 96034K, capacity 98641K, committed 98904K, reserved 1136640K
  class space    used 12274K, capacity 12619K, committed 12632K, reserved 1048576K
}
Event: 9279.573 GC heap before
{Heap before GC invocations=2613 (full 17):
 def new generation   total 62336K, used 57773K [0x00000000c0000000, 0x00000000c43a0000, 0x00000000d5550000)
  eden space 55424K, 100% used [0x00000000c0000000, 0x00000000c3620000, 0x00000000c3620000)
  from space 6912K,  33% used [0x00000000c3ce0000, 0x00000000c3f2b400, 0x00000000c43a0000)
  to   space 6912K,   0% used [0x00000000c3620000, 0x00000000c3620000, 0x00000000c3ce0000)
 tenured generation   total 138344K, used 137150K [0x00000000d5550000, 0x00000000ddc6a000, 0x0000000100000000)
   the space 138344K,  99% used [0x00000000d5550000, 0x00000000ddb3f9b0, 0x00000000ddb3fa00, 0x00000000ddc6a000)
 Metaspace       used 96034K, capacity 98641K, committed 98904K, reserved 1136640K
  class space    used 12274K, capacity 12619K, committed 12632K, reserved 1048576K
Event: 9279.582 GC heap after
Heap after GC invocations=2614 (full 17):
 def new generation   total 62336K, used 2444K [0x00000000c0000000, 0x00000000c43a0000, 0x00000000d5550000)
  eden space 55424K,   0% used [0x00000000c0000000, 0x00000000c0000000, 0x00000000c3620000)
  from space 6912K,  35% used [0x00000000c3620000, 0x00000000c3883340, 0x00000000c3ce0000)
  to   space 6912K,   0% used [0x00000000c3ce0000, 0x00000000c3ce0000, 0x00000000c43a0000)
 tenured generation   total 138344K, used 137150K [0x00000000d5550000, 0x00000000ddc6a000, 0x0000000100000000)
   the space 138344K,  99% used [0x00000000d5550000, 0x00000000ddb3fa50, 0x00000000ddb3fc00, 0x00000000ddc6a000)
 Metaspace       used 96034K, capacity 98641K, committed 98904K, reserved 1136640K
  class space    used 12274K, capacity 12619K, committed 12632K, reserved 1048576K
}
Event: 9280.701 GC heap before
{Heap before GC invocations=2614 (full 17):
 def new generation   total 62336K, used 57868K [0x00000000c0000000, 0x00000000c43a0000, 0x00000000d5550000)
  eden space 55424K, 100% used [0x00000000c0000000, 0x00000000c3620000, 0x00000000c3620000)
  from space 6912K,  35% used [0x00000000c3620000, 0x00000000c3883340, 0x00000000c3ce0000)
  to   space 6912K,   0% used [0x00000000c3ce0000, 0x00000000c3ce0000, 0x00000000c43a0000)
 tenured generation   total 138344K, used 137150K [0x00000000d5550000, 0x00000000ddc6a000, 0x0000000100000000)
   the space 138344K,  99% used [0x00000000d5550000, 0x00000000ddb3fa50, 0x00000000ddb3fc00, 0x00000000ddc6a000)
 Metaspace       used 96034K, capacity 98641K, committed 98904K, reserved 1136640K
  class space    used 12274K, capacity 12619K, committed 12632K, reserved 1048576K
Event: 9280.708 GC heap after
Heap after GC invocations=2615 (full 17):
 def new generation   total 62336K, used 2481K [0x00000000c0000000, 0x00000000c43a0000, 0x00000000d5550000)
  eden space 55424K,   0% used [0x00000000c0000000, 0x00000000c0000000, 0x00000000c3620000)
  from space 6912K,  35% used [0x00000000c3ce0000, 0x00000000c3f4c6d0, 0x00000000c43a0000)
  to   space 6912K,   0% used [0x00000000c3620000, 0x00000000c3620000, 0x00000000c3ce0000)
 tenured generation   total 138344K, used 137150K [0x00000000d5550000, 0x00000000ddc6a000, 0x0000000100000000)
   the space 138344K,  99% used [0x00000000d5550000, 0x00000000ddb3fa50, 0x00000000ddb3fc00, 0x00000000ddc6a000)
 Metaspace       used 96034K, capacity 98641K, committed 98904K, reserved 1136640K
  class space    used 12274K, capacity 12619K, committed 12632K, reserved 1048576K
}
Event: 9281.699 GC heap before
{Heap before GC invocations=2615 (full 17):
 def new generation   total 62336K, used 57905K [0x00000000c0000000, 0x00000000c43a0000, 0x00000000d5550000)
  eden space 55424K, 100% used [0x00000000c0000000, 0x00000000c3620000, 0x00000000c3620000)
  from space 6912K,  35% used [0x00000000c3ce0000, 0x00000000c3f4c6d0, 0x00000000c43a0000)
  to   space 6912K,   0% used [0x00000000c3620000, 0x00000000c3620000, 0x00000000c3ce0000)
 tenured generation   total 138344K, used 137150K [0x00000000d5550000, 0x00000000ddc6a000, 0x0000000100000000)
   the space 138344K,  99% used [0x00000000d5550000, 0x00000000ddb3fa50, 0x00000000ddb3fc00, 0x00000000ddc6a000)
 Metaspace       used 96034K, capacity 98641K, committed 98904K, reserved 1136640K
  class space    used 12274K, capacity 12619K, committed 12632K, reserved 1048576K
Event: 9281.702 GC heap after
Heap after GC invocations=2616 (full 17):
 def new generation   total 62336K, used 2418K [0x00000000c0000000, 0x00000000c43a0000, 0x00000000d5550000)
  eden space 55424K,   0% used [0x00000000c0000000, 0x00000000c0000000, 0x00000000c3620000)
  from space 6912K,  34% used [0x00000000c3620000, 0x00000000c387c960, 0x00000000c3ce0000)
  to   space 6912K,   0% used [0x00000000c3ce0000, 0x00000000c3ce0000, 0x00000000c43a0000)
 tenured generation   total 138344K, used 137150K [0x00000000d5550000, 0x00000000ddc6a000, 0x0000000100000000)
   the space 138344K,  99% used [0x00000000d5550000, 0x00000000ddb3fa50, 0x00000000ddb3fc00, 0x00000000ddc6a000)
 Metaspace       used 96034K, capacity 98641K, committed 98904K, reserved 1136640K
  class space    used 12274K, capacity 12619K, committed 12632K, reserved 1048576K
}
Event: 9282.936 GC heap before
{Heap before GC invocations=2616 (full 17):
 def new generation   total 62336K, used 57842K [0x00000000c0000000, 0x00000000c43a0000, 0x00000000d5550000)
  eden space 55424K, 100% used [0x00000000c0000000, 0x00000000c3620000, 0x00000000c3620000)
  from space 6912K,  34% used [0x00000000c3620000, 0x00000000c387c960, 0x00000000c3ce0000)
  to   space 6912K,   0% used [0x00000000c3ce0000, 0x00000000c3ce0000, 0x00000000c43a0000)
 tenured generation   total 138344K, used 137150K [0x00000000d5550000, 0x00000000ddc6a000, 0x0000000100000000)
   the space 138344K,  99% used [0x00000000d5550000, 0x00000000ddb3fa50, 0x00000000ddb3fc00, 0x00000000ddc6a000)
 Metaspace       used 96034K, capacity 98641K, committed 98904K, reserved 1136640K
  class space    used 12274K, capacity 12619K, committed 12632K, reserved 1048576K
Event: 9282.939 GC heap after
Heap after GC invocations=2617 (full 17):
 def new generation   total 62336K, used 2335K [0x00000000c0000000, 0x00000000c43a0000, 0x00000000d5550000)
  eden space 55424K,   0% used [0x00000000c0000000, 0x00000000c0000000, 0x00000000c3620000)
  from space 6912K,  33% used [0x00000000c3ce0000, 0x00000000c3f27f80, 0x00000000c43a0000)
  to   space 6912K,   0% used [0x00000000c3620000, 0x00000000c3620000, 0x00000000c3ce0000)
 tenured generation   total 138344K, used 137150K [0x00000000d5550000, 0x00000000ddc6a000, 0x0000000100000000)
   the space 138344K,  99% used [0x00000000d5550000, 0x00000000ddb3fa50, 0x00000000ddb3fc00, 0x00000000ddc6a000)
 Metaspace       used 96034K, capacity 98641K, committed 98904K, reserved 1136640K
  class space    used 12274K, capacity 12619K, committed 12632K, reserved 1048576K
}
Event: 9283.802 GC heap before
{Heap before GC invocations=2617 (full 17):
 def new generation   total 62336K, used 57759K [0x00000000c0000000, 0x00000000c43a0000, 0x00000000d5550000)
  eden space 55424K, 100% used [0x00000000c0000000, 0x00000000c3620000, 0x00000000c3620000)
  from space 6912K,  33% used [0x00000000c3ce0000, 0x00000000c3f27f80, 0x00000000c43a0000)
  to   space 6912K,   0% used [0x00000000c3620000, 0x00000000c3620000, 0x00000000c3ce0000)
 tenured generation   total 138344K, used 137150K [0x00000000d5550000, 0x00000000ddc6a000, 0x0000000100000000)
   the space 138344K,  99% used [0x00000000d5550000, 0x00000000ddb3fa50, 0x00000000ddb3fc00, 0x00000000ddc6a000)
 Metaspace       used 96034K, capacity 98641K, committed 98904K, reserved 1136640K
  class space    used 12274K, capacity 12619K, committed 12632K, reserved 1048576K

